d:\smartwork\smartwork\smartwork\x64\debug\lappallocator.obj
d:\smartwork\smartwork\smartwork\x64\debug\touchmanager.obj
d:\smartwork\smartwork\smartwork\x64\debug\lapplive2dmanager.obj
d:\smartwork\smartwork\smartwork\x64\debug\lappdefine.obj
d:\smartwork\smartwork\smartwork\x64\debug\lapppal.obj
d:\smartwork\smartwork\smartwork\x64\debug\lappview.obj
d:\smartwork\smartwork\smartwork\x64\debug\lappsprite.obj
d:\smartwork\smartwork\smartwork\x64\debug\main.obj
d:\smartwork\smartwork\smartwork\x64\debug\chatclient.obj
d:\smartwork\smartwork\smartwork\x64\debug\smartwork.obj
d:\smartwork\smartwork\smartwork\x64\debug\lappmodel.obj
d:\smartwork\smartwork\smartwork\x64\debug\lappdelegate.obj
d:\smartwork\smartwork\smartwork\x64\debug\configdialog.obj
d:\smartwork\smartwork\smartwork\x64\debug\glcore.obj
d:\smartwork\smartwork\smartwork\x64\debug\lappwavfilehandler.obj
d:\smartwork\smartwork\smartwork\x64\debug\lapptexturemanager.obj
d:\smartwork\smartwork\smartwork\x64\debug\qt\moc\moc_glcore.cpp
d:\smartwork\smartwork\smartwork\x64\debug\qt\moc\moc_smartwork.cpp
d:\smartwork\smartwork\smartwork\x64\debug\qt\moc\moc_chatclient.cpp
d:\smartwork\smartwork\smartwork\x64\debug\qt\moc\moc_apimanager.cpp
d:\smartwork\smartwork\smartwork\x64\debug\qt\moc\moc_configdialog.cpp
d:\smartwork\smartwork\smartwork\x64\debug\qt\rcc\qrc_smartwork.cpp
d:\smartwork\smartwork\smartwork\x64\debug\qt\uic\ui_smartwork.h
d:\smartwork\smartwork\smartwork\x64\debug\vc143.idb
d:\smartwork\smartwork\smartwork\x64\debug\vc143.pdb
d:\smartwork\smartwork\smartwork\x64\debug\smartwork.tlog\cl.18388.write.1.tlog
d:\smartwork\smartwork\smartwork\x64\debug\smartwork.tlog\cl.command.1.tlog
d:\smartwork\smartwork\smartwork\x64\debug\smartwork.tlog\cl.read.1.tlog
d:\smartwork\smartwork\smartwork\x64\debug\smartwork.tlog\moc.read.1u.tlog
d:\smartwork\smartwork\smartwork\x64\debug\smartwork.tlog\moc.write.1u.tlog
d:\smartwork\smartwork\smartwork\x64\debug\smartwork.tlog\rcc.read.1u.tlog
d:\smartwork\smartwork\smartwork\x64\debug\smartwork.tlog\rcc.write.1u.tlog
d:\smartwork\smartwork\smartwork\x64\debug\smartwork.tlog\smartwork.write.1u.tlog
d:\smartwork\smartwork\smartwork\x64\debug\smartwork.tlog\uic.read.1u.tlog
d:\smartwork\smartwork\smartwork\x64\debug\smartwork.tlog\uic.write.1u.tlog
