d:\smartwork\1\smartwork\smartwork\smartwork\x64\debug\vc143.pdb
d:\smartwork\1\smartwork\smartwork\smartwork\x64\debug\vc143.idb
d:\smartwork\1\smartwork\smartwork\smartwork\x64\debug\qrc_smartwork.obj
d:\smartwork\1\smartwork\smartwork\smartwork\x64\debug\lappsprite.obj
d:\smartwork\1\smartwork\smartwork\smartwork\x64\debug\lappdefine.obj
d:\smartwork\1\smartwork\smartwork\smartwork\x64\debug\smartwork.obj
d:\smartwork\1\smartwork\smartwork\smartwork\x64\debug\glcore.obj
d:\smartwork\1\smartwork\smartwork\smartwork\x64\debug\lappwavfilehandler.obj
d:\smartwork\1\smartwork\smartwork\smartwork\x64\debug\main.obj
d:\smartwork\1\smartwork\smartwork\smartwork\x64\debug\apimanager.obj
d:\smartwork\1\smartwork\smartwork\smartwork\x64\debug\chatclient.obj
d:\smartwork\1\smartwork\smartwork\smartwork\x64\debug\lappview.obj
d:\smartwork\1\smartwork\smartwork\smartwork\x64\debug\tcpclient.obj
d:\smartwork\1\smartwork\smartwork\smartwork\x64\debug\lapplive2dmanager.obj
d:\smartwork\1\smartwork\smartwork\smartwork\x64\debug\touchmanager.obj
d:\smartwork\1\smartwork\smartwork\smartwork\x64\debug\lapptexturemanager.obj
d:\smartwork\1\smartwork\smartwork\smartwork\x64\debug\lappallocator.obj
d:\smartwork\1\smartwork\smartwork\smartwork\x64\debug\lappdelegate.obj
d:\smartwork\1\smartwork\smartwork\smartwork\x64\debug\avatarconfigdialog.obj
d:\smartwork\1\smartwork\smartwork\smartwork\x64\debug\pythonprocessmanager.obj
d:\smartwork\1\smartwork\smartwork\smartwork\x64\debug\configdialog.obj
d:\smartwork\1\smartwork\smartwork\smartwork\x64\debug\lapppal.obj
d:\smartwork\1\smartwork\smartwork\smartwork\x64\debug\lappmodel.obj
d:\smartwork\1\smartwork\smartwork\smartwork\x64\debug\moc_tcpclient.obj
d:\smartwork\1\smartwork\smartwork\smartwork\x64\debug\moc_glcore.obj
d:\smartwork\1\smartwork\smartwork\smartwork\x64\debug\moc_pythonprocessmanager.obj
d:\smartwork\1\smartwork\smartwork\smartwork\x64\debug\moc_smartwork.obj
d:\smartwork\1\smartwork\smartwork\smartwork\x64\debug\moc_configdialog.obj
d:\smartwork\1\smartwork\smartwork\smartwork\x64\debug\moc_apimanager.obj
d:\smartwork\1\smartwork\smartwork\smartwork\x64\debug\moc_chatclient.obj
d:\smartwork\1\smartwork\smartwork\smartwork\x64\debug\moc_avatarconfigdialog.obj
d:\smartwork\1\smartwork\smartwork\smartwork\x64\debug\qt\moc\moc_glcore.cpp
d:\smartwork\1\smartwork\smartwork\smartwork\x64\debug\qt\moc\moc_smartwork.cpp
d:\smartwork\1\smartwork\smartwork\smartwork\x64\debug\qt\moc\moc_chatclient.cpp
d:\smartwork\1\smartwork\smartwork\smartwork\x64\debug\qt\moc\moc_apimanager.cpp
d:\smartwork\1\smartwork\smartwork\smartwork\x64\debug\qt\moc\moc_configdialog.cpp
d:\smartwork\1\smartwork\smartwork\smartwork\x64\debug\qt\moc\moc_tcpclient.cpp
d:\smartwork\1\smartwork\smartwork\smartwork\x64\debug\qt\moc\moc_pythonprocessmanager.cpp
d:\smartwork\1\smartwork\smartwork\smartwork\x64\debug\qt\moc\moc_avatarconfigdialog.cpp
d:\smartwork\1\smartwork\smartwork\smartwork\x64\debug\qt\rcc\qrc_smartwork.cpp
d:\smartwork\1\smartwork\smartwork\smartwork\x64\debug\qt\uic\ui_smartwork.h
d:\smartwork\1\smartwork\smartwork\x64\debug\smartwork.pdb
d:\smartwork\1\smartwork\smartwork\smartwork\x64\debug\smartwork.tlog\cl.command.1.tlog
d:\smartwork\1\smartwork\smartwork\smartwork\x64\debug\smartwork.tlog\cl.read.1.tlog
d:\smartwork\1\smartwork\smartwork\smartwork\x64\debug\smartwork.tlog\cl.write.1.tlog
d:\smartwork\1\smartwork\smartwork\smartwork\x64\debug\smartwork.tlog\link-cvtres.read.1.tlog
d:\smartwork\1\smartwork\smartwork\smartwork\x64\debug\smartwork.tlog\link-cvtres.write.1.tlog
d:\smartwork\1\smartwork\smartwork\smartwork\x64\debug\smartwork.tlog\link-rc.read.1.tlog
d:\smartwork\1\smartwork\smartwork\smartwork\x64\debug\smartwork.tlog\link-rc.write.1.tlog
d:\smartwork\1\smartwork\smartwork\smartwork\x64\debug\smartwork.tlog\link.command.1.tlog
d:\smartwork\1\smartwork\smartwork\smartwork\x64\debug\smartwork.tlog\link.read.1.tlog
d:\smartwork\1\smartwork\smartwork\smartwork\x64\debug\smartwork.tlog\link.write.1.tlog
d:\smartwork\1\smartwork\smartwork\smartwork\x64\debug\smartwork.tlog\moc.read.1u.tlog
d:\smartwork\1\smartwork\smartwork\smartwork\x64\debug\smartwork.tlog\moc.write.1u.tlog
d:\smartwork\1\smartwork\smartwork\smartwork\x64\debug\smartwork.tlog\rcc.read.1u.tlog
d:\smartwork\1\smartwork\smartwork\smartwork\x64\debug\smartwork.tlog\rcc.write.1u.tlog
d:\smartwork\1\smartwork\smartwork\smartwork\x64\debug\smartwork.tlog\smartwork.write.1u.tlog
d:\smartwork\1\smartwork\smartwork\smartwork\x64\debug\smartwork.tlog\uic.read.1u.tlog
d:\smartwork\1\smartwork\smartwork\smartwork\x64\debug\smartwork.tlog\uic.write.1u.tlog
